<?xml version="1.0" encoding="utf-8"?><testsuites name="pytest tests"><testsuite name="pytest" errors="0" failures="0" skipped="0" tests="142" time="25.409" timestamp="2026-08-06T18:43:23.203810+00:00" hostname="d8d3d251720d"><testcase classname="tests.integration.cli.test_cli_integration.TestEntryPoint" name="test_help_returns_zero_with_all_subcommands" time="0.006" /><testcase classname="tests.integration.cli.test_cli_integration.TestEntryPoint" name="test_version_returns_version_string" time="0.002" /><testcase classname="tests.integration.cli.test_cli_integration.TestEntryPoint" name="test_unknown_subcommand_exits_nonzero" time="0.002" /><testcase classname="tests.integration.cli.test_cli_integration.TestSubcommandDispatch" name="test_each_subcommand_help[run]" time="0.003" /><testcase classname="tests.integration.cli.test_cli_integration.TestSubcommandDispatch" name="test_each_subcommand_help[report]" time="0.003" /><testcase classname="tests.integration.cli.test_cli_integration.TestSubcommandDispatch" name="test_each_subcommand_help[list]" time="0.002" /><testcase classname="tests.integration.cli.test_cli_integration.TestSubcommandDispatch" name="test_each_subcommand_help[list-tiers]" time="0.002" /><testcase classname="tests.integration.cli.test_cli_integration.TestSubcommandDispatch" name="test_each_subcommand_help[list-models]" time="0.002" /><testcase classname="tests.integration.cli.test_cli_integration.TestSubcommandDispatch" name="test_each_subcommand_help[status]" time="0.002" /><testcase classname="tests.integration.cli.test_cli_integration.TestSubcommandDispatch" name="test_each_subcommand_help[audit]" time="0.002" /><testcase classname="tests.integration.cli.test_cli_integration.TestSubcommandDispatch" name="test_audit_models_help" time="0.003" /><testcase classname="tests.integration.cli.test_cli_integration.TestSubcommandDispatch" name="test_list_tiers_outputs_all_seven_tiers" time="0.002" /><testcase classname="tests.integration.cli.test_cli_integration.TestSubcommandDispatch" name="test_list_models_outputs_configured_models" time="0.003" /><testcase classname="tests.integration.cli.test_cli_integration.TestSubcommandDispatch" name="test_list_shows_available_tests" time="0.160" /><testcase classname="tests.integration.cli.test_cli_integration.TestRunCommandIntegration" name="test_run_single_dispatches_to_orchestrator" time="0.004" /><testcase classname="tests.integration.cli.test_cli_integration.TestRunCommandIntegration" name="test_run_multi_tier_dispatches_run_test" time="0.005" /><testcase classname="tests.integration.cli.test_cli_integration.TestRunCommandIntegration" name="test_run_verbose_quiet_mutual_exclusion" time="0.003" /><testcase classname="tests.integration.cli.test_cli_integration.TestReportCommandIntegration" name="test_report_with_results_generates_markdown" time="0.011" /><testcase classname="tests.integration.cli.test_cli_integration.TestReportCommandIntegration" name="test_report_no_results_exits_nonzero" time="0.003" /><testcase classname="tests.integration.cli.test_cli_integration.TestReportCommandIntegration" name="test_report_json_format_produces_valid_json" time="0.008" /><testcase classname="tests.integration.cli.test_cli_integration.TestReportCommandIntegration" name="test_report_multiple_tiers" time="0.008" /><testcase classname="tests.integration.cli.test_cli_integration.TestReportCommandIntegration" name="test_report_output_dash_writes_json_to_stdout" time="0.007" /><testcase classname="tests.integration.cli.test_cli_integration.TestReportCommandIntegration" name="test_report_output_dash_markdown_writes_to_stdout" time="0.005" /><testcase classname="tests.integration.cli.test_cli_integration.TestReportCommandIntegration" name="test_report_output_dash_no_file_created" time="0.005" /><testcase classname="tests.integration.cli.test_cli_integration.TestStatusCommandIntegration" name="test_status_with_results_shows_tier_summary" time="0.006" /><testcase classname="tests.integration.cli.test_cli_integration.TestStatusCommandIntegration" name="test_status_no_results_shows_empty" time="0.003" /><testcase classname="tests.integration.cli.test_cli_integration.TestAuditModelsIntegration" name="test_audit_models_clean" time="0.014" /><testcase classname="tests.integration.cli.test_cli_integration.TestAuditModelsIntegration" name="test_audit_models_missing_dir_exits_nonzero" time="0.003" /><testcase classname="tests.integration.e2e.test_additive_resume.TestConfigHashStability" name="test_hash_invariant_to_tiers" time="0.002" /><testcase classname="tests.integration.e2e.test_additive_resume.TestConfigHashStability" name="test_hash_invariant_to_max_subtests" time="0.002" /><testcase classname="tests.integration.e2e.test_additive_resume.TestConfigHashStability" name="test_hash_invariant_to_until_run_state" time="0.001" /><testcase classname="tests.integration.e2e.test_additive_resume.TestConfigHashStability" name="test_hash_stable_across_all_stage_configs" time="0.002" /><testcase classname="tests.integration.e2e.test_additive_resume.TestAdditiveResume" name="test_stage1_t0_one_subtest_three_runs" time="0.036" /><testcase classname="tests.integration.e2e.test_additive_resume.TestAdditiveResume" name="test_stage2_add_t1_two_subtests" time="0.141" /><testcase classname="tests.integration.e2e.test_additive_resume.TestAdditiveResume" name="test_stage3_add_t2_three_subtests" time="0.370" /><testcase classname="tests.integration.e2e.test_additive_resume.TestAdditiveResume" name="test_stage4_add_t3_full_completion" time="0.194" /><testcase classname="tests.integration.e2e.test_additive_resume.TestAdditiveResumeInvariants" name="test_additive_tiers_never_resets_existing" time="0.079" /><testcase classname="tests.integration.e2e.test_additive_resume.TestAdditiveResumeInvariants" name="test_expanding_max_subtests_adds_without_resetting" time="0.108" /><testcase classname="tests.integration.e2e.test_additive_resume.TestAdditiveResumeInvariants" name="test_until_state_variation_does_not_reset_completed_runs" time="0.050" /><testcase classname="tests.integration.e2e.test_additive_resume.TestAdditiveResumeInvariants" name="test_runs_constant_across_all_stages" time="0.003" /><testcase classname="tests.integration.e2e.test_additive_resume.TestAdditiveResumeInvariants" name="test_new_tier_starts_pending[T0]" time="0.033" /><testcase classname="tests.integration.e2e.test_additive_resume.TestAdditiveResumeInvariants" name="test_new_tier_starts_pending[T1]" time="0.036" /><testcase classname="tests.integration.e2e.test_additive_resume.TestAdditiveResumeInvariants" name="test_new_tier_starts_pending[T2]" time="0.040" /><testcase classname="tests.integration.e2e.test_additive_resume.TestAdditiveResumeInvariants" name="test_new_tier_starts_pending[T3]" time="0.034" /><testcase classname="tests.integration.e2e.test_additive_resume.TestAdditiveResumeTierStates" name="test_t0_complete_then_add_t1_preserves_t0_tier_state" time="0.131" /><testcase classname="tests.integration.e2e.test_additive_resume.TestAdditiveResumeTierStates" name="test_two_tiers_complete_then_add_third_preserves_both" time="0.216" /><testcase classname="tests.integration.e2e.test_additive_resume.TestAdditiveResumeTierStates" name="test_complete_tier_tier_state_additive_across_three_invocations" time="0.216" /><testcase classname="tests.integration.e2e.test_additive_resume.TestAdditiveResumeTierStates" name="test_until_tier_state_partial_completion_preserved" time="0.069" /><testcase classname="tests.integration.e2e.test_additive_resume.TestAdditiveResumeTierStates" name="test_tier_states_dict_structure_after_full_completion" time="0.085" /><testcase classname="tests.integration.e2e.test_run_result_process_metrics.TestRunResultProcessMetricsPresence" name="test_process_metrics_key_exists" time="0.003" /><testcase classname="tests.integration.e2e.test_run_result_process_metrics.TestRunResultProcessMetricsPresence" name="test_process_metrics_is_dict" time="0.003" /><testcase classname="tests.integration.e2e.test_run_result_process_metrics.TestRunResultProcessMetricsPresence" name="test_process_metrics_float_subkeys_exist[r_prog]" time="0.003" /><testcase classname="tests.integration.e2e.test_run_result_process_metrics.TestRunResultProcessMetricsPresence" name="test_process_metrics_float_subkeys_exist[strategic_drift]" time="0.003" /><testcase classname="tests.integration.e2e.test_run_result_process_metrics.TestRunResultProcessMetricsPresence" name="test_process_metrics_float_subkeys_exist[cfp]" time="0.003" /><testcase classname="tests.integration.e2e.test_run_result_process_metrics.TestRunResultProcessMetricsPresence" name="test_process_metrics_float_subkeys_exist[pr_revert_rate]" time="0.003" /><testcase classname="tests.integration.e2e.test_run_result_process_metrics.TestRunResultProcessMetricsPresence" name="test_process_metrics_float_subkeys_are_float[r_prog]" time="0.002" /><testcase classname="tests.integration.e2e.test_run_result_process_metrics.TestRunResultProcessMetricsPresence" name="test_process_metrics_float_subkeys_are_float[strategic_drift]" time="0.003" /><testcase classname="tests.integration.e2e.test_run_result_process_metrics.TestRunResultProcessMetricsPresence" name="test_process_metrics_float_subkeys_are_float[cfp]" time="0.003" /><testcase classname="tests.integration.e2e.test_run_result_process_metrics.TestRunResultProcessMetricsPresence" name="test_process_metrics_float_subkeys_are_float[pr_revert_rate]" time="0.003" /><testcase classname="tests.integration.e2e.test_run_result_process_metrics.TestRunResultProcessMetricsPresence" name="test_progress_tracking_key_exists" time="0.002" /><testcase classname="tests.integration.e2e.test_run_result_process_metrics.TestRunResultProcessMetricsPresence" name="test_progress_tracking_is_list" time="0.002" /><testcase classname="tests.integration.e2e.test_run_result_process_metrics.TestRunResultProcessMetricsPresence" name="test_changes_key_exists" time="0.002" /><testcase classname="tests.integration.e2e.test_run_result_process_metrics.TestRunResultProcessMetricsPresence" name="test_changes_is_list" time="0.002" /><testcase classname="tests.integration.e2e.test_run_result_process_metrics.TestRunResultProcessMetricsWithData" name="test_progress_tracking_with_steps_is_list" time="0.002" /><testcase classname="tests.integration.e2e.test_run_result_process_metrics.TestRunResultProcessMetricsWithData" name="test_changes_with_items_is_list" time="0.002" /><testcase classname="tests.integration.e2e.test_run_result_process_metrics.TestRunResultProcessMetricsWithData" name="test_process_metrics_nonzero_values_are_float" time="0.002" /><testcase classname="tests.integration.e2e.test_until_from_stepping.TestRunLevelStepping" name="test_single_step_to_state[dir_structure_created]" time="0.006" /><testcase classname="tests.integration.e2e.test_until_from_stepping.TestRunLevelStepping" name="test_single_step_to_state[replay_generated]" time="0.013" /><testcase classname="tests.integration.e2e.test_until_from_stepping.TestRunLevelStepping" name="test_single_step_to_state[agent_complete]" time="0.017" /><testcase classname="tests.integration.e2e.test_until_from_stepping.TestRunLevelStepping" name="test_single_step_to_state[judge_complete]" time="0.022" /><testcase classname="tests.integration.e2e.test_until_from_stepping.TestRunLevelStepping" name="test_step_then_resume[state_pair0]" time="0.016" /><testcase classname="tests.integration.e2e.test_until_from_stepping.TestRunLevelStepping" name="test_step_then_resume[state_pair1]" time="0.018" /><testcase classname="tests.integration.e2e.test_until_from_stepping.TestRunLevelStepping" name="test_step_then_resume[state_pair2]" time="0.029" /><testcase classname="tests.integration.e2e.test_until_from_stepping.TestRunLevelStepping" name="test_step_then_resume[state_pair3]" time="0.032" /><testcase classname="tests.integration.e2e.test_until_from_stepping.TestRunLevelStepping" name="test_full_walk_through_all_breakpoints" time="0.038" /><testcase classname="tests.integration.e2e.test_until_from_stepping.TestRunLevelStepping" name="test_multiple_runs_all_stop[1]" time="0.014" /><testcase classname="tests.integration.e2e.test_until_from_stepping.TestRunLevelStepping" name="test_multiple_runs_all_stop[2]" time="0.025" /><testcase classname="tests.integration.e2e.test_until_from_stepping.TestRunLevelStepping" name="test_until_skips_run_already_past_target" time="0.004" /><testcase classname="tests.integration.e2e.test_until_from_stepping.TestRunLevelStepping" name="test_rerun_same_until_is_idempotent" time="0.023" /><testcase classname="tests.integration.e2e.test_until_from_stepping.TestSubtestLevelStepping" name="test_until_halt_leaves_runs_in_progress[1]" time="0.005" /><testcase classname="tests.integration.e2e.test_until_from_stepping.TestSubtestLevelStepping" name="test_until_halt_leaves_runs_in_progress[2]" time="0.006" /><testcase classname="tests.integration.e2e.test_until_from_stepping.TestSubtestLevelStepping" name="test_resume_from_runs_in_progress" time="0.007" /><testcase classname="tests.integration.e2e.test_until_from_stepping.TestSubtestLevelStepping" name="test_until_subtest_state_stops_at_target[runs_in_progress]" time="0.005" /><testcase classname="tests.integration.e2e.test_until_from_stepping.TestSubtestLevelStepping" name="test_until_subtest_state_stops_at_target[runs_complete]" time="0.007" /><testcase classname="tests.integration.e2e.test_until_from_stepping.TestSubtestLevelStepping" name="test_no_failed_on_until_halt" time="0.004" /><testcase classname="tests.integration.e2e.test_until_from_stepping.TestSubtestLevelStepping" name="test_regular_exception_marks_subtest_failed" time="0.005" /><testcase classname="tests.integration.e2e.test_until_from_stepping.TestSubtestLevelStepping" name="test_repeated_until_halt_stays_in_runs_in_progress" time="0.009" /><testcase classname="tests.integration.e2e.test_until_from_stepping.TestTierLevelStepping" name="test_tier_stops_at_until_state[config_loaded]" time="0.005" /><testcase classname="tests.integration.e2e.test_until_from_stepping.TestTierLevelStepping" name="test_tier_stops_at_until_state[subtests_running]" time="0.008" /><testcase classname="tests.integration.e2e.test_until_from_stepping.TestTierLevelStepping" name="test_tier_stops_at_until_state[subtests_complete]" time="0.007" /><testcase classname="tests.integration.e2e.test_until_from_stepping.TestTierLevelStepping" name="test_tier_resume_from_stopped_state[state_pair0]" time="0.007" /><testcase classname="tests.integration.e2e.test_until_from_stepping.TestTierLevelStepping" name="test_tier_resume_from_stopped_state[state_pair1]" time="0.012" /><testcase classname="tests.integration.e2e.test_until_from_stepping.TestTierLevelStepping" name="test_tier_not_failed_on_until" time="0.008" /><testcase classname="tests.integration.e2e.test_until_from_stepping.TestTierLevelStepping" name="test_tier_full_resume_after_until" time="0.012" /><testcase classname="tests.integration.e2e.test_until_from_stepping.TestCrossLevelPropagation" name="test_run_until_leaves_subtest_in_runs_in_progress[T0]" time="0.016" /><testcase classname="tests.integration.e2e.test_until_from_stepping.TestCrossLevelPropagation" name="test_run_until_leaves_subtest_in_runs_in_progress[T1]" time="0.022" /><testcase classname="tests.integration.e2e.test_until_from_stepping.TestCrossLevelPropagation" name="test_resume_after_run_until_completes_all" time="0.034" /><testcase classname="tests.integration.e2e.test_until_from_stepping.TestCrossLevelPropagation" name="test_multiple_subtests_all_halt[1]" time="0.016" /><testcase classname="tests.integration.e2e.test_until_from_stepping.TestCrossLevelPropagation" name="test_multiple_subtests_all_halt[2]" time="0.028" /><testcase classname="tests.integration.e2e.test_until_from_stepping.TestParametrizedMatrix" name="test_step_to_replay_generated_and_resume[1-1-T0]" time="0.029" /><testcase classname="tests.integration.e2e.test_until_from_stepping.TestParametrizedMatrix" name="test_step_to_replay_generated_and_resume[1-1-T1]" time="0.030" /><testcase classname="tests.integration.e2e.test_until_from_stepping.TestParametrizedMatrix" name="test_step_to_replay_generated_and_resume[1-2-T0]" time="0.059" /><testcase classname="tests.integration.e2e.test_until_from_stepping.TestParametrizedMatrix" name="test_step_to_replay_generated_and_resume[1-2-T1]" time="0.055" /><testcase classname="tests.integration.e2e.test_until_from_stepping.TestParametrizedMatrix" name="test_step_to_replay_generated_and_resume[2-1-T0]" time="0.060" /><testcase classname="tests.integration.e2e.test_until_from_stepping.TestParametrizedMatrix" name="test_step_to_replay_generated_and_resume[2-1-T1]" time="0.056" /><testcase classname="tests.integration.e2e.test_until_from_stepping.TestParametrizedMatrix" name="test_step_to_replay_generated_and_resume[2-2-T0]" time="0.112" /><testcase classname="tests.integration.e2e.test_until_from_stepping.TestParametrizedMatrix" name="test_step_to_replay_generated_and_resume[2-2-T1]" time="0.112" /><testcase classname="tests.integration.e2e.test_until_from_stepping.TestFromResetAndResume" name="test_from_resets_runs_at_state" time="0.004" /><testcase classname="tests.integration.e2e.test_until_from_stepping.TestFromResetAndResume" name="test_from_then_until_stepping" time="0.018" /><testcase classname="tests.integration.e2e.test_until_from_stepping.TestFromResetAndResume" name="test_from_with_tier_filter" time="0.004" /><testcase classname="tests.integration.e2e.test_until_from_stepping.TestFromResetAndResume" name="test_from_cascades_to_higher_levels" time="0.004" /><testcase classname="tests.integration.e2e.test_until_from_stepping.TestUntilHaltErrorRegression" name="test_until_never_marks_runs_failed[dir_structure_created]" time="0.007" /><testcase classname="tests.integration.e2e.test_until_from_stepping.TestUntilHaltErrorRegression" name="test_until_never_marks_runs_failed[replay_generated]" time="0.013" /><testcase classname="tests.integration.e2e.test_until_from_stepping.TestUntilHaltErrorRegression" name="test_until_never_marks_runs_failed[agent_complete]" time="0.015" /><testcase classname="tests.integration.e2e.test_until_from_stepping.TestUntilHaltErrorRegression" name="test_until_never_marks_runs_failed[judge_complete]" time="0.022" /><testcase classname="tests.integration.e2e.test_until_from_stepping.TestUntilHaltErrorRegression" name="test_until_never_marks_runs_failed[worktree_cleaned]" time="0.024" /><testcase classname="tests.integration.e2e.test_until_from_stepping.TestUntilHaltErrorRegression" name="test_until_halt_error_transitions_state_before_raising" time="0.004" /><testcase classname="tests.integration.e2e.test_until_from_stepping.TestUntilHaltErrorRegression" name="test_regular_exception_still_marks_failed" time="0.004" /><testcase classname="tests.integration.e2e.test_until_from_stepping.TestUntilHaltErrorRegression" name="test_until_halt_error_not_propagated_by_advance_to_completion" time="0.004" /><testcase classname="tests.integration.e2e.test_until_from_stepping.TestUntilHaltErrorRegression" name="test_experiment_sm_until_never_marks_failed" time="0.006" /><testcase classname="tests.integration.e2e.test_zombie_resume.TestZombieResetsStatusToInterrupted" name="test_status_is_interrupted_after_handle_zombie" time="0.006" /><testcase classname="tests.integration.e2e.test_zombie_resume.TestZombieResetsStatusToInterrupted" name="test_disk_checkpoint_is_interrupted_after_handle_zombie" time="0.006" /><testcase classname="tests.integration.e2e.test_zombie_resume.TestZombieResetPreservesStateData" name="test_run_states_preserved" time="0.007" /><testcase classname="tests.integration.e2e.test_zombie_resume.TestZombieResetPreservesStateData" name="test_subtest_states_preserved" time="0.006" /><testcase classname="tests.integration.e2e.test_zombie_resume.TestZombieResetPreservesStateData" name="test_tier_states_preserved" time="0.007" /><testcase classname="tests.integration.e2e.test_zombie_resume.TestZombieResetPreservesStateData" name="test_experiment_state_preserved" time="0.006" /><testcase classname="tests.integration.e2e.test_zombie_resume.TestNonZombieCheckpointUnchanged" name="test_fresh_heartbeat_status_unchanged" time="0.005" /><testcase classname="tests.integration.e2e.test_zombie_resume.TestNonZombieCheckpointUnchanged" name="test_fresh_heartbeat_disk_checkpoint_unchanged" time="0.005" /><testcase classname="tests.integration.e2e.test_zombie_resume.TestNonZombieCheckpointUnchanged" name="test_non_running_status_not_reset" time="0.013" /><testcase classname="tests.integration.e2e.test_zombie_resume.TestExperimentDirNoneIsNoop" name="test_returns_unchanged_checkpoint" time="0.005" /><testcase classname="tests.integration.e2e.test_zombie_resume.TestExperimentDirNoneIsNoop" name="test_no_disk_write_when_experiment_dir_none" time="0.005" /><testcase classname="tests.integration.e2e.test_zombie_resume.TestRunnerInitializeWithZombieCheckpoint" name="test_runner_resets_zombie_status_to_interrupted" time="0.032" /><testcase classname="tests.integration.nats.test_subscriber_integration.TestNATSSubscriberIntegration" name="test_connect_receive_dispatch" time="2.343" /><testcase classname="tests.integration.nats.test_subscriber_integration.TestNATSSubscriberIntegration" name="test_graceful_shutdown" time="1.014" /><testcase classname="tests.integration.nats.test_subscriber_integration.TestNATSSubscriberIntegration" name="test_malformed_message_acked" time="4.015" /><testcase classname="tests.integration.nats.test_subscriber_integration.TestNATSSubscriberIntegration" name="test_handler_called_with_parsed_event" time="2.012" /><testcase classname="tests.integration.nats.test_subscriber_integration.TestNATSSubscriberIntegration" name="test_multiple_messages" time="2.013" /><testcase classname="tests.integration.test_subscribe_config.TestSubscribeNATSConfig" name="test_defaults_config_has_nats_field" time="0.024" /><testcase classname="tests.integration.test_subscribe_config.TestSubscribeNATSConfig" name="test_defaults_nats_config_structure" time="0.025" /><testcase classname="tests.integration.test_subscribe_config.TestSubscribeNATSConfig" name="test_cmd_subscribe_can_access_defaults_nats_directly" time="0.019" /><testcase classname="tests.integration.test_subscribe_config.TestSubscribeNATSConfig" name="test_cmd_subscribe_reaches_subscriber_start" time="0.031" /><testcase classname="tests.integration.test_subscribe_config.TestSubscribeNATSConfig" name="test_cmd_subscribe_with_nats_enabled" time="0.020" /></testsuite></testsuites>